[debug] [2020-09-19T20:50:09.869Z] ----------------------------------------------------------------------
[debug] [2020-09-19T20:50:09.873Z] Command:       C:\Program Files\nodejs\node.exe C:\Users\Oketo\AppData\Roaming\npm\node_modules\firebase-tools\lib\bin\firebase.js emulators:start
[debug] [2020-09-19T20:50:09.873Z] CLI Version:   8.10.0
[debug] [2020-09-19T20:50:09.874Z] Platform:      win32
[debug] [2020-09-19T20:50:09.874Z] Node Version:  v14.7.0
[debug] [2020-09-19T20:50:09.875Z] Time:          Sat Sep 19 2020 16:50:09 GMT-0400 (Atlantic Standard Time)
[debug] [2020-09-19T20:50:09.875Z] ----------------------------------------------------------------------
[debug] [2020-09-19T20:50:09.876Z] 
[debug] [2020-09-19T20:50:09.885Z] > command requires scopes: ["email","openid","https://www.googleapis.com/auth/cloudplatformprojects.readonly","https://www.googleapis.com/auth/firebase","https://www.googleapis.com/auth/cloud-platform"]
[debug] [2020-09-19T20:50:09.886Z] > authorizing via signed-in user
[info] i  emulators: Starting emulators: functions {"metadata":{"emulator":{"name":"hub"},"message":"Starting emulators: functions"}}
[debug] [2020-09-19T20:50:11.964Z] [hub] writing locator at C:\Users\Oketo\AppData\Local\Temp\hub-fir-73ad7.json
[warn] !  functions: The following emulators are not running, calls to these services from the Functions emulator will affect production: firestore, database, hosting, pubsub {"metadata":{"emulator":{"name":"functions"},"message":"The following emulators are not running, calls to these services from the Functions emulator will affect production: \u001b[1mfirestore, database, hosting, pubsub\u001b[22m"}}
[warn] !  Your requested "node" version "10" doesn't match your global version "14" {"metadata":{"emulator":{"name":"functions"},"message":"Your requested \"node\" version \"10\" doesn't match your global version \"14\""}}
[debug] [2020-09-19T20:50:14.039Z] defaultcredentials: writing to file C:\Users\Oketo\AppData\Roaming\firebase\ketoranks29_gmail_com_application_default_credentials.json
[debug] [2020-09-19T20:50:14.042Z] Setting GAC to C:\Users\Oketo\AppData\Roaming\firebase\ketoranks29_gmail_com_application_default_credentials.json {"metadata":{"emulator":{"name":"functions"},"message":"Setting GAC to C:\\Users\\Oketo\\AppData\\Roaming\\firebase\\ketoranks29_gmail_com_application_default_credentials.json"}}
[debug] [2020-09-19T20:50:18.132Z] Ignoring unsupported arg: auto_download {"metadata":{"emulator":{"name":"ui"},"message":"Ignoring unsupported arg: auto_download"}}
[debug] [2020-09-19T20:50:18.133Z] Ignoring unsupported arg: port {"metadata":{"emulator":{"name":"ui"},"message":"Ignoring unsupported arg: port"}}
[debug] [2020-09-19T20:50:18.133Z] Starting Emulator UI with command {"binary":"node","args":["C:\\Users\\Oketo\\.cache\\firebase\\emulators\\ui-v1.1.1\\server.bundle.js"],"optionalArgs":[],"joinArgs":false} {"metadata":{"emulator":{"name":"ui"},"message":"Starting Emulator UI with command {\"binary\":\"node\",\"args\":[\"C:\\\\Users\\\\Oketo\\\\.cache\\\\firebase\\\\emulators\\\\ui-v1.1.1\\\\server.bundle.js\"],\"optionalArgs\":[],\"joinArgs\":false}"}}
[info] i  ui: Emulator UI logging to ui-debug.log {"metadata":{"emulator":{"name":"ui"},"message":"Emulator UI logging to \u001b[1mui-debug.log\u001b[22m"}}
[debug] [2020-09-19T20:50:18.277Z] Web / API server started at http://localhost:4000
 {"metadata":{"emulator":{"name":"ui"},"message":"Web / API server started at http://localhost:4000\n"}}
[info] i  functions: Watching "D:\React_Project\amazon\functions" for Cloud Functions... {"metadata":{"emulator":{"name":"functions"},"message":"Watching \"D:\\React_Project\\amazon\\functions\" for Cloud Functions..."}}
[debug] [2020-09-19T20:50:18.673Z] [worker-pool] addWorker(~diagnostic~) {"metadata":{"emulator":{"name":"functions"},"message":"[worker-pool] addWorker(~diagnostic~)"}}
[debug] [2020-09-19T20:50:18.673Z] [worker-pool] Adding worker with key ~diagnostic~, total=1 {"metadata":{"emulator":{"name":"functions"},"message":"[worker-pool] Adding worker with key ~diagnostic~, total=1"}}
[debug] [2020-09-19T20:50:18.674Z] [worker-pool] submitWork(triggerId=) {"metadata":{"emulator":{"name":"functions"},"message":"[worker-pool] submitWork(triggerId=)"}}
[debug] [2020-09-19T20:50:18.674Z] [worker-~diagnostic~-2c21f9f9-abcf-4467-a092-72c1601d9ebc]: Assigning socketPath: \\?\pipe\D:\React_Project\amazon\functions\6736 {"metadata":{"emulator":{"name":"functions"},"message":"[worker-~diagnostic~-2c21f9f9-abcf-4467-a092-72c1601d9ebc]: Assigning socketPath: \\\\?\\pipe\\D:\\React_Project\\amazon\\functions\\6736"}}
[debug] [2020-09-19T20:50:18.675Z] [worker-~diagnostic~-2c21f9f9-abcf-4467-a092-72c1601d9ebc]: BUSY {"metadata":{"emulator":{"name":"functions"},"message":"[worker-~diagnostic~-2c21f9f9-abcf-4467-a092-72c1601d9ebc]: BUSY"}}
